
Showing logs for build [32mcb-kubecd-environment-pr-184-30-hx2ng-1[0m stage [32mfrom-build-pack[0m and container [32mstep-credential-initializer-cnzf6[0m
{"level":"warn","ts":1584521578.6423066,"logger":"fallback-logger","caller":"logging/config.go:69","msg":"Fetch GitHub commit ID from kodata failed: \"ref: refs/heads/0.8.0-**-support-backwards-incompats\" is not a valid GitHub commit ID"}
{"level":"info","ts":1584521578.6443827,"logger":"fallback-logger","caller":"creds-init/main.go:40","msg":"Credentials initialized."}

Showing logs for build [32mcb-kubecd-environment-pr-184-30-hx2ng-1[0m stage [32mfrom-build-pack[0m and container [32mstep-working-dir-initializer-z8smq[0m
{"level":"warn","ts":1584521579.828122,"logger":"fallback-logger","caller":"logging/config.go:69","msg":"Fetch GitHub commit ID from kodata failed: open /var/run/ko/HEAD: no such file or directory"}
{"level":"info","ts":1584521579.8301263,"logger":"fallback-logger","caller":"bash/main.go:64","msg":"Successfully executed command \"sh -c mkdir -p /workspace/source\"; output "}

Showing logs for build [32mcb-kubecd-environment-pr-184-30-hx2ng-1[0m stage [32mfrom-build-pack[0m and container [32mstep-place-tools[0m

Showing logs for build [32mcb-kubecd-environment-pr-184-30-hx2ng-1[0m stage [32mfrom-build-pack[0m and container [32mstep-git-source-cb-kubecd-environment-pr-184-30-hx2ng-h5q9d[0m
{"level":"warn","ts":1584521585.8483891,"logger":"fallback-logger","caller":"logging/config.go:69","msg":"Fetch GitHub commit ID from kodata failed: \"ref: refs/heads/0.8.0-**-support-backwards-incompats\" is not a valid GitHub commit ID"}
{"level":"info","ts":1584521586.9257567,"logger":"fallback-logger","caller":"git/git.go:103","msg":"Successfully cloned https://github.com/cb-kubecd/environment-pr-184-30-boot-gke-staging.git @ master in path /workspace/source"}

Showing logs for build [32mcb-kubecd-environment-pr-184-30-hx2ng-1[0m stage [32mfrom-build-pack[0m and container [32mstep-git-merge[0m
Using SHAs from PULL_REFS=master:4057b4e0ce2bb32798d8a81d0334121fc09ae8df,2:a8b061e7bacf51ce2edd7cacb95ce566830fd37a
DEBUG: LC_ALL=C JX_LOG_LEVEL=error git fetch origin --unshallow a8b061e7bacf51ce2edd7cacb95ce566830fd37a: 4057b4e0ce2bb32798d8a81d0334121fc09ae8df:
DEBUG: ran git fetch --unshallow origin a8b061e7bacf51ce2edd7cacb95ce566830fd37a: 4057b4e0ce2bb32798d8a81d0334121fc09ae8df: in 
DEBUG: LC_ALL=C JX_LOG_LEVEL=error git branch
DEBUG: LC_ALL=C JX_LOG_LEVEL=error git checkout master
DEBUG: ran git checkout master in 
DEBUG: LC_ALL=C JX_LOG_LEVEL=error git reset --hard 4057b4e0ce2bb32798d8a81d0334121fc09ae8df
DEBUG: ran git reset --hard 4057b4e0ce2bb32798d8a81d0334121fc09ae8df in 
DEBUG: LC_ALL=C JX_LOG_LEVEL=error git clean -fd .
DEBUG: ran clean --force -d . in 
DEBUG: LC_ALL=C JX_LOG_LEVEL=error git merge a8b061e7bacf51ce2edd7cacb95ce566830fd37a
DEBUG: ran git merge a8b061e7bacf51ce2edd7cacb95ce566830fd37a in 
DEBUG: LC_ALL=C JX_LOG_LEVEL=error git log --format=%H%x1f%an%x1f%ae%x1f%cn%x1f%ce%x1f%s%n%b%x1e 4057b4e0ce2bb32798d8a81d0334121fc09ae8df..HEAD
Merged SHA a8b061e7bacf51ce2edd7cacb95ce566830fd37a with commit message 'chore: Promote bdd-gh-1584521253 to version 0.0.1' into base branch master

Showing logs for build [32mcb-kubecd-environment-pr-184-30-hx2ng-1[0m stage [32mfrom-build-pack[0m and container [32mstep-build-helm-build[0m
WARNING: No $CHART_REPOSITORY defined so using the default value of: http://jenkins-x-chartmuseum:8080
Adding missing Helm repo: storage.googleapis.com https://storage.googleapis.com/chartmuseum.jenkins-x.io
WARNING: No secrets found on "helm/repos" due: reading the secret "helm/repos" from vault: no secret "helm/repos" not found in vault
Read credentials for https://storage.googleapis.com/chartmuseum.jenkins-x.io from vault helm/repos
Successfully added Helm repository storage.googleapis.com.
Adding missing Helm repo: jenkins-x-chartmuseum http://jenkins-x-chartmuseum:8080
WARNING: No secrets found on "helm/repos" due: reading the secret "helm/repos" from vault: no secret "helm/repos" not found in vault
Read credentials for http://jenkins-x-chartmuseum:8080 from vault helm/repos
Successfully added Helm repository jenkins-x-chartmuseum.
WARNING: No $CHART_REPOSITORY defined so using the default value of: http://jenkins-x-chartmuseum:8080
Adding missing Helm repo: chartmuseum.jenkins-x.io http://chartmuseum.jenkins-x.io
WARNING: No secrets found on "helm/repos" due: reading the secret "helm/repos" from vault: no secret "helm/repos" not found in vault
Read credentials for http://chartmuseum.jenkins-x.io from vault helm/repos
Successfully added Helm repository chartmuseum.jenkins-x.io.
