
Showing logs for build [32mcb-kubecd-environment-pr-184-30-f6cmt-1[0m stage [32mfrom-build-pack[0m and container [32mstep-credential-initializer-l4j62[0m
{"level":"warn","ts":1584524461.226599,"logger":"fallback-logger","caller":"logging/config.go:69","msg":"Fetch GitHub commit ID from kodata failed: \"ref: refs/heads/0.8.0-**-support-backwards-incompats\" is not a valid GitHub commit ID"}
{"level":"info","ts":1584524461.2272968,"logger":"fallback-logger","caller":"creds-init/main.go:40","msg":"Credentials initialized."}

Showing logs for build [32mcb-kubecd-environment-pr-184-30-f6cmt-1[0m stage [32mfrom-build-pack[0m and container [32mstep-working-dir-initializer-rh464[0m
{"level":"warn","ts":1584524462.5708203,"logger":"fallback-logger","caller":"logging/config.go:69","msg":"Fetch GitHub commit ID from kodata failed: open /var/run/ko/HEAD: no such file or directory"}
{"level":"info","ts":1584524462.572319,"logger":"fallback-logger","caller":"bash/main.go:64","msg":"Successfully executed command \"sh -c mkdir -p /workspace/source\"; output "}

Showing logs for build [32mcb-kubecd-environment-pr-184-30-f6cmt-1[0m stage [32mfrom-build-pack[0m and container [32mstep-place-tools[0m

Showing logs for build [32mcb-kubecd-environment-pr-184-30-f6cmt-1[0m stage [32mfrom-build-pack[0m and container [32mstep-git-source-cb-kubecd-environment-pr-184-30-f6cmt-f8thf[0m
{"level":"warn","ts":1584524466.7408357,"logger":"fallback-logger","caller":"logging/config.go:69","msg":"Fetch GitHub commit ID from kodata failed: \"ref: refs/heads/0.8.0-**-support-backwards-incompats\" is not a valid GitHub commit ID"}
{"level":"info","ts":1584524467.7767224,"logger":"fallback-logger","caller":"git/git.go:103","msg":"Successfully cloned https://github.com/cb-kubecd/environment-pr-184-30-boot-gke-staging.git @ master in path /workspace/source"}

Showing logs for build [32mcb-kubecd-environment-pr-184-30-f6cmt-1[0m stage [32mfrom-build-pack[0m and container [32mstep-git-merge[0m
Using SHAs from PULL_REFS=master:764f2f32909d73a1b8cd1b420745c120d43e1acf,6:e13e29589f04161f6e8c55b9550c5e6f6a098bba
DEBUG: LC_ALL=C JX_LOG_LEVEL=error git fetch origin --unshallow e13e29589f04161f6e8c55b9550c5e6f6a098bba: 764f2f32909d73a1b8cd1b420745c120d43e1acf:
DEBUG: ran git fetch --unshallow origin e13e29589f04161f6e8c55b9550c5e6f6a098bba: 764f2f32909d73a1b8cd1b420745c120d43e1acf: in 
DEBUG: LC_ALL=C JX_LOG_LEVEL=error git branch
DEBUG: LC_ALL=C JX_LOG_LEVEL=error git checkout master
DEBUG: ran git checkout master in 
DEBUG: LC_ALL=C JX_LOG_LEVEL=error git reset --hard 764f2f32909d73a1b8cd1b420745c120d43e1acf
DEBUG: ran git reset --hard 764f2f32909d73a1b8cd1b420745c120d43e1acf in 
DEBUG: LC_ALL=C JX_LOG_LEVEL=error git clean -fd .
DEBUG: ran clean --force -d . in 
DEBUG: JX_LOG_LEVEL=error LC_ALL=C git merge e13e29589f04161f6e8c55b9550c5e6f6a098bba
DEBUG: ran git merge e13e29589f04161f6e8c55b9550c5e6f6a098bba in 
DEBUG: LC_ALL=C JX_LOG_LEVEL=error git log --format=%H%x1f%an%x1f%ae%x1f%cn%x1f%ce%x1f%s%n%b%x1e 764f2f32909d73a1b8cd1b420745c120d43e1acf..HEAD
Merged SHA e13e29589f04161f6e8c55b9550c5e6f6a098bba with commit message 'chore: Promote bdd-ghf**y-import-1584523530 to version 0.0.1' into base branch master

Showing logs for build [32mcb-kubecd-environment-pr-184-30-f6cmt-1[0m stage [32mfrom-build-pack[0m and container [32mstep-build-helm-build[0m
WARNING: No $CHART_REPOSITORY defined so using the default value of: http://jenkins-x-chartmuseum:8080
Adding missing Helm repo: storage.googleapis.com https://storage.googleapis.com/chartmuseum.jenkins-x.io
WARNING: No secrets found on "helm/repos" due: reading the secret "helm/repos" from vault: no secret "helm/repos" not found in vault
Read credentials for https://storage.googleapis.com/chartmuseum.jenkins-x.io from vault helm/repos
Successfully added Helm repository storage.googleapis.com.
Adding missing Helm repo: jenkins-x-chartmuseum http://jenkins-x-chartmuseum:8080
WARNING: No secrets found on "helm/repos" due: reading the secret "helm/repos" from vault: no secret "helm/repos" not found in vault
Read credentials for http://jenkins-x-chartmuseum:8080 from vault helm/repos
Successfully added Helm repository jenkins-x-chartmuseum.
WARNING: No $CHART_REPOSITORY defined so using the default value of: http://jenkins-x-chartmuseum:8080
Adding missing Helm repo: chartmuseum.jenkins-x.io http://chartmuseum.jenkins-x.io
WARNING: No secrets found on "helm/repos" due: reading the secret "helm/repos" from vault: no secret "helm/repos" not found in vault
Read credentials for http://chartmuseum.jenkins-x.io from vault helm/repos
Successfully added Helm repository chartmuseum.jenkins-x.io.
