
Showing logs for build [32mcb-kubecd-environment-pr-184-30-gntch-1[0m stage [32mfrom-build-pack[0m and container [32mstep-credential-initializer-m4kf5[0m
{"level":"warn","ts":1584522933.0638015,"logger":"fallback-logger","caller":"logging/config.go:69","msg":"Fetch GitHub commit ID from kodata failed: \"ref: refs/heads/0.8.0-**-support-backwards-incompats\" is not a valid GitHub commit ID"}
{"level":"info","ts":1584522933.0648565,"logger":"fallback-logger","caller":"creds-init/main.go:40","msg":"Credentials initialized."}

Showing logs for build [32mcb-kubecd-environment-pr-184-30-gntch-1[0m stage [32mfrom-build-pack[0m and container [32mstep-working-dir-initializer-2tc65[0m
{"level":"warn","ts":1584522934.4845142,"logger":"fallback-logger","caller":"logging/config.go:69","msg":"Fetch GitHub commit ID from kodata failed: open /var/run/ko/HEAD: no such file or directory"}
{"level":"info","ts":1584522934.4858902,"logger":"fallback-logger","caller":"bash/main.go:64","msg":"Successfully executed command \"sh -c mkdir -p /workspace/source\"; output "}

Showing logs for build [32mcb-kubecd-environment-pr-184-30-gntch-1[0m stage [32mfrom-build-pack[0m and container [32mstep-place-tools[0m

Showing logs for build [32mcb-kubecd-environment-pr-184-30-gntch-1[0m stage [32mfrom-build-pack[0m and container [32mstep-git-source-cb-kubecd-environment-pr-184-30-gntch-9xqbs[0m
{"level":"warn","ts":1584522938.4806743,"logger":"fallback-logger","caller":"logging/config.go:69","msg":"Fetch GitHub commit ID from kodata failed: \"ref: refs/heads/0.8.0-**-support-backwards-incompats\" is not a valid GitHub commit ID"}
{"level":"info","ts":1584522939.5506291,"logger":"fallback-logger","caller":"git/git.go:103","msg":"Successfully cloned https://github.com/cb-kubecd/environment-pr-184-30-boot-gke-staging.git @ master in path /workspace/source"}

Showing logs for build [32mcb-kubecd-environment-pr-184-30-gntch-1[0m stage [32mfrom-build-pack[0m and container [32mstep-git-merge[0m
Using SHAs from PULL_REFS=master:859ac961f1848d7b4415cb020e6cb19d180f8ebe,4:04681d839d24ff8d923b66e1de8e1bf2a23371df
DEBUG: JX_LOG_LEVEL=error LC_ALL=C git fetch origin --unshallow 04681d839d24ff8d923b66e1de8e1bf2a23371df: 859ac961f1848d7b4415cb020e6cb19d180f8ebe:
DEBUG: ran git fetch --unshallow origin 04681d839d24ff8d923b66e1de8e1bf2a23371df: 859ac961f1848d7b4415cb020e6cb19d180f8ebe: in 
DEBUG: LC_ALL=C JX_LOG_LEVEL=error git branch
DEBUG: JX_LOG_LEVEL=error LC_ALL=C git checkout master
DEBUG: ran git checkout master in 
DEBUG: LC_ALL=C JX_LOG_LEVEL=error git reset --hard 859ac961f1848d7b4415cb020e6cb19d180f8ebe
DEBUG: ran git reset --hard 859ac961f1848d7b4415cb020e6cb19d180f8ebe in 
DEBUG: LC_ALL=C JX_LOG_LEVEL=error git clean -fd .
DEBUG: ran clean --force -d . in 
DEBUG: LC_ALL=C JX_LOG_LEVEL=error git merge 04681d839d24ff8d923b66e1de8e1bf2a23371df
DEBUG: ran git merge 04681d839d24ff8d923b66e1de8e1bf2a23371df in 
DEBUG: LC_ALL=C JX_LOG_LEVEL=error git log --format=%H%x1f%an%x1f%ae%x1f%cn%x1f%ce%x1f%s%n%b%x1e 859ac961f1848d7b4415cb020e6cb19d180f8ebe..HEAD
Merged SHA 04681d839d24ff8d923b66e1de8e1bf2a23371df with commit message 'chore: Promote bdd-sbhg-1584521253 to version 0.0.1' into base branch master

Showing logs for build [32mcb-kubecd-environment-pr-184-30-gntch-1[0m stage [32mfrom-build-pack[0m and container [32mstep-build-helm-build[0m
WARNING: No $CHART_REPOSITORY defined so using the default value of: http://jenkins-x-chartmuseum:8080
Adding missing Helm repo: storage.googleapis.com https://storage.googleapis.com/chartmuseum.jenkins-x.io
WARNING: No secrets found on "helm/repos" due: reading the secret "helm/repos" from vault: no secret "helm/repos" not found in vault
Read credentials for https://storage.googleapis.com/chartmuseum.jenkins-x.io from vault helm/repos
Successfully added Helm repository storage.googleapis.com.
Adding missing Helm repo: jenkins-x-chartmuseum http://jenkins-x-chartmuseum:8080
WARNING: No secrets found on "helm/repos" due: reading the secret "helm/repos" from vault: no secret "helm/repos" not found in vault
Read credentials for http://jenkins-x-chartmuseum:8080 from vault helm/repos
Successfully added Helm repository jenkins-x-chartmuseum.
WARNING: No $CHART_REPOSITORY defined so using the default value of: http://jenkins-x-chartmuseum:8080
Adding missing Helm repo: chartmuseum.jenkins-x.io http://chartmuseum.jenkins-x.io
WARNING: No secrets found on "helm/repos" due: reading the secret "helm/repos" from vault: no secret "helm/repos" not found in vault
Read credentials for http://chartmuseum.jenkins-x.io from vault helm/repos
Successfully added Helm repository chartmuseum.jenkins-x.io.
